<?xml version="1.0" encoding="UTF-8"?>
<testng-results ignored="0" total="1" passed="1" failed="0" skipped="0">
  <reporter-output>
  </reporter-output>
  <suite started-at="2022-01-05T04:08:53Z" name="All Test Suite" finished-at="2022-01-05T04:09:18Z" duration-ms="25117">
    <groups>
    </groups>
    <test started-at="2022-01-05T04:08:53Z" name="Test" finished-at="2022-01-05T04:09:18Z" duration-ms="25117">
      <class name="edurekaactionsandselectpractice.ActionsAndSelect">
        <test-method signature="AAndSPractice()[pri:0, instance:edurekaactionsandselectpractice.ActionsAndSelect@3c130745]" started-at="2022-01-05T04:08:53Z" name="AAndSPractice" finished-at="2022-01-05T04:09:18Z" duration-ms="25098" status="PASS">
          <reporter-output>
          </reporter-output>
        </test-method> <!-- AAndSPractice -->
      </class> <!-- edurekaactionsandselectpractice.ActionsAndSelect -->
    </test> <!-- Test -->
  </suite> <!-- All Test Suite -->
</testng-results>
